<?xml version="1.0" encoding="UTF-8"?>
<!-- Generated by org.testng.reporters.JUnitReportReporter -->
<testsuite hostname="DESKTOP-MHFKFPH" failures="0" tests="1" name="com.google.selenium.test.AutomationPractice" time="31.242" errors="0" timestamp="2020-09-10T17:14:21 EET" skipped="0">
  <testcase classname="com.google.selenium.test.AutomationPractice" name="runScript" time="31.242"/>
  <system-out/>
</testsuite> <!-- com.google.selenium.test.AutomationPractice -->
