<?xml version="1.0" encoding="UTF-8"?>
<!-- Generated by org.testng.reporters.JUnitReportReporter -->
<testsuite hostname="DESKTOP-MHFKFPH" failures="0" tests="4" name="com.google.selenium.test.AirbnbSearch" time="11.996" errors="0" timestamp="2020-12-27T12:18:51 EET" skipped="2">
  <testcase classname="com.google.selenium.test.AirbnbSearch" name="search" time="9.794"/>
  <system-out/>
  <testcase classname="com.google.selenium.test.AirbnbSearch" name="validateItemOnMap" time="2.202"/>
  <system-out/>
  <testcase classname="com.google.selenium.test.AirbnbSearch" name="moreFilters">
    <skipped/>
  </testcase> <!-- moreFilters -->
  <system-out/>
  <testcase classname="com.google.selenium.test.AirbnbSearch" name="validateItem">
    <skipped/>
  </testcase> <!-- validateItem -->
  <system-out/>
</testsuite> <!-- com.google.selenium.test.AirbnbSearch -->
