<?xml version="1.0" encoding="UTF-8"?>
<!-- Generated by org.testng.reporters.JUnitReportReporter -->
<testsuite hostname="DESKTOP-MHFKFPH" failures="0" tests="3" name="com.google.selenium.test.AirbnbExtraSearchValidation" time="13.881" errors="0" timestamp="2020-12-28T01:44:09 EET" skipped="0">
  <testcase classname="com.google.selenium.test.AirbnbExtraSearchValidation" name="moreFilters" time="5.734"/>
  <system-out/>
  <testcase classname="com.google.selenium.test.AirbnbExtraSearchValidation" name="checkNumberOfBedroomsForAllResults" time="4.521"/>
  <system-out/>
  <testcase classname="com.google.selenium.test.AirbnbExtraSearchValidation" name="search" time="3.626"/>
  <system-out/>
</testsuite> <!-- com.google.selenium.test.AirbnbExtraSearchValidation -->
