<?xml version="1.0" encoding="UTF-8"?>
<!-- Generated by org.testng.reporters.JUnitReportReporter -->
<testsuite hostname="DESKTOP-MHFKFPH" failures="0" tests="2" name="com.google.selenium.test.AirbnbMapValidation" time="8.611" errors="0" timestamp="2020-12-28T01:44:09 EET" skipped="0">
  <testcase classname="com.google.selenium.test.AirbnbMapValidation" name="validateItemOnMap" time="5.303"/>
  <system-out/>
  <testcase classname="com.google.selenium.test.AirbnbMapValidation" name="search" time="3.308"/>
  <system-out/>
</testsuite> <!-- com.google.selenium.test.AirbnbMapValidation -->
