<?xml version="1.0" encoding="UTF-8"?>
<!-- Generated by org.testng.reporters.JUnitReportReporter -->
<testsuite hostname="DESKTOP-MHFKFPH" failures="0" tests="1" name="com.google.selenium.test.TestNGdemo" time="15.649" errors="0" timestamp="2020-09-04T19:41:13 EET" skipped="0">
  <testcase classname="com.google.selenium.test.TestNGdemo" name="openURL" time="15.649"/>
  <system-out/>
</testsuite> <!-- com.google.selenium.test.TestNGdemo -->
