<?xml version="1.0" encoding="UTF-8"?>
<!-- Generated by org.testng.reporters.JUnitReportReporter -->
<testsuite hostname="DESKTOP-MHFKFPH" failures="0" tests="5" name="com.google.selenium.test.AirbnbSearchValidation" time="9.412" errors="0" timestamp="2020-12-28T23:03:51 EET" skipped="0">
  <testcase classname="com.google.selenium.test.AirbnbSearchValidation" name="checkLocation" time="0.610"/>
  <system-out/>
  <testcase classname="com.google.selenium.test.AirbnbSearchValidation" name="checkDates" time="2.225"/>
  <system-out/>
  <testcase classname="com.google.selenium.test.AirbnbSearchValidation" name="checkNumberofGuests" time="0.068"/>
  <system-out/>
  <testcase classname="com.google.selenium.test.AirbnbSearchValidation" name="checkNumberOfGuestsForAllResults" time="3.303"/>
  <system-out/>
  <testcase classname="com.google.selenium.test.AirbnbSearchValidation" name="search" time="3.206"/>
  <system-out/>
</testsuite> <!-- com.google.selenium.test.AirbnbSearchValidation -->
