<?xml version="1.0" encoding="UTF-8"?>
<!-- Generated by org.testng.reporters.JUnitReportReporter -->
<testsuite hostname="DESKTOP-MHFKFPH" failures="0" tests="3" name="com.google.selenium.test.FacebookRegistrationTest" time="62.673" errors="0" timestamp="2020-11-23T00:46:25 EET" skipped="0">
  <testcase classname="com.google.selenium.test.FacebookRegistrationTest" name="goToRegistration" time="0.210"/>
  <system-out/>
  <testcase classname="com.google.selenium.test.FacebookRegistrationTest" name="createEmptyDataAccount" time="0.830"/>
  <system-out/>
  <testcase classname="com.google.selenium.test.FacebookRegistrationTest" name="createAccount" time="61.633"/>
  <system-out/>
</testsuite> <!-- com.google.selenium.test.FacebookRegistrationTest -->
