<?xml version="1.0" encoding="UTF-8"?>
<!-- Generated by org.testng.reporters.JUnitReportReporter -->
<testsuite hostname="DESKTOP-MHFKFPH" failures="0" tests="1" name="com.google.selenium.test.CheomeDriver" time="26.097" errors="0" timestamp="2020-09-04T19:46:37 EET" skipped="0">
  <testcase classname="com.google.selenium.test.CheomeDriver" name="runScript" time="26.097"/>
  <system-out/>
</testsuite> <!-- com.google.selenium.test.CheomeDriver -->
